<?xml version="1.0" encoding="UTF-8"?>
<!-- Generated by org.testng.reporters.JUnitReportReporter -->
<testsuite hostname="DESKTOP-CQ4V81B" failures="0" tests="1" name="Runners.TestRunner" time="19.203" errors="0" timestamp="09 Jun 2021 11:25:38 GMT" skipped="0">
  <testcase classname="Runners.TestRunner" name="runScenario" time="19.203"/>
</testsuite> <!-- Runners.TestRunner -->
